{"type":"server-started","port":57861,"host":"127.0.0.1","url_host":"localhost","url":"http://localhost:57861","screen_dir":"/Users/matan.sheinberg/icom/IcomQaAi/.superpowers/brainstorm/24818-1774295914"}
{"type":"screen-added","file":"/Users/matan.sheinberg/icom/IcomQaAi/.superpowers/brainstorm/24818-1774295914/prompt-management-ui.html"}
{"source":"user-event","type":"click","text":"A\n    \n      Top-Down Layout\n      Prompt type selector at top, then a split view: left side shows version list + editor, right side shows comparison metrics","choice":"layout-a","id":null,"timestamp":1774297376891}
{"source":"user-event","type":"click","text":"B\n    \n      Tab-Based Layout\n      Tabs for each prompt type at the top. Below: three sub-tabs — \"Versions\" (list + editor), \"Test\" (set testing version + run in Test Agent), \"Compare\" (metrics dashboard)","choice":"layout-b","id":null,"timestamp":1774297383575}
{"source":"user-event","type":"click","text":"C\n    \n      List-Detail Layout\n      Left sidebar lists prompt types + versions (tree view). Selecting a version opens it in a main content area with editor, status actions, and inline metrics below","choice":"layout-c","id":null,"timestamp":1774297386063}
{"source":"user-event","type":"click","text":"A\n    \n      Top-Down Layout\n      Prompt type selector at top, then a split view: left side shows version list + editor, right side shows comparison metrics","choice":"layout-a","id":null,"timestamp":1774297387873}
{"source":"user-event","type":"click","text":"C\n    \n      List-Detail Layout\n      Left sidebar lists prompt types + versions (tree view). Selecting a version opens it in a main content area with editor, status actions, and inline metrics below","choice":"layout-c","id":null,"timestamp":1774297497809}
{"source":"user-event","type":"click","text":"B\n    \n      Tab-Based Layout\n      Tabs for each prompt type at the top. Below: three sub-tabs — \"Versions\" (list + editor), \"Test\" (set testing version + run in Test Agent), \"Compare\" (metrics dashboard)","choice":"layout-b","id":null,"timestamp":1774297619528}
{"source":"user-event","type":"click","text":"B\n    \n      Tab-Based Layout\n      Tabs for each prompt type at the top. Below: three sub-tabs — \"Versions\" (list + editor), \"Test\" (set testing version + run in Test Agent), \"Compare\" (metrics dashboard)","choice":"layout-b","id":null,"timestamp":1774297619745}
{"source":"user-event","type":"click","text":"B\n    \n      Tab-Based Layout\n      Tabs for each prompt type at the top. Below: three sub-tabs — \"Versions\" (list + editor), \"Test\" (set testing version + run in Test Agent), \"Compare\" (metrics dashboard)","choice":"layout-b","id":null,"timestamp":1774297620286}
{"source":"user-event","type":"click","text":"C\n    \n      List-Detail Layout\n      Left sidebar lists prompt types + versions (tree view). Selecting a version opens it in a main content area with editor, status actions, and inline metrics below","choice":"layout-c","id":null,"timestamp":1774297620986}
{"source":"user-event","type":"click","text":"C\n    \n      List-Detail Layout\n      Left sidebar lists prompt types + versions (tree view). Selecting a version opens it in a main content area with editor, status actions, and inline metrics below","choice":"layout-c","id":null,"timestamp":1774297622728}
{"source":"user-event","type":"click","text":"C\n    \n      List-Detail Layout\n      Left sidebar lists prompt types + versions (tree view). Selecting a version opens it in a main content area with editor, status actions, and inline metrics below","choice":"layout-c","id":null,"timestamp":1774297622928}
{"source":"user-event","type":"click","text":"C\n    \n      List-Detail Layout\n      Left sidebar lists prompt types + versions (tree view). Selecting a version opens it in a main content area with editor, status actions, and inline metrics below","choice":"layout-c","id":null,"timestamp":1774297623112}
{"source":"user-event","type":"click","text":"C\n    \n      List-Detail Layout\n      Left sidebar lists prompt types + versions (tree view). Selecting a version opens it in a main content area with editor, status actions, and inline metrics below","choice":"layout-c","id":null,"timestamp":1774297625061}
{"source":"user-event","type":"click","text":"C\n    \n      List-Detail Layout\n      Left sidebar lists prompt types + versions (tree view). Selecting a version opens it in a main content area with editor, status actions, and inline metrics below","choice":"layout-c","id":null,"timestamp":1774297625286}
{"source":"user-event","type":"click","text":"C\n    \n      List-Detail Layout\n      Left sidebar lists prompt types + versions (tree view). Selecting a version opens it in a main content area with editor, status actions, and inline metrics below","choice":"layout-c","id":null,"timestamp":1774297626842}
{"source":"user-event","type":"click","text":"C\n    \n      List-Detail Layout\n      Left sidebar lists prompt types + versions (tree view). Selecting a version opens it in a main content area with editor, status actions, and inline metrics below","choice":"layout-c","id":null,"timestamp":1774297627540}
{"source":"user-event","type":"click","text":"C\n    \n      List-Detail Layout\n      Left sidebar lists prompt types + versions (tree view). Selecting a version opens it in a main content area with editor, status actions, and inline metrics below","choice":"layout-c","id":null,"timestamp":1774297627710}
{"source":"user-event","type":"click","text":"C\n    \n      List-Detail Layout\n      Left sidebar lists prompt types + versions (tree view). Selecting a version opens it in a main content area with editor, status actions, and inline metrics below","choice":"layout-c","id":null,"timestamp":1774297629965}
{"source":"user-event","type":"click","text":"C\n    \n      List-Detail Layout\n      Left sidebar lists prompt types + versions (tree view). Selecting a version opens it in a main content area with editor, status actions, and inline metrics below","choice":"layout-c","id":null,"timestamp":1774297630178}
{"source":"user-event","type":"click","text":"C\n    \n      List-Detail Layout\n      Left sidebar lists prompt types + versions (tree view). Selecting a version opens it in a main content area with editor, status actions, and inline metrics below","choice":"layout-c","id":null,"timestamp":1774297631207}
{"source":"user-event","type":"click","text":"C\n    \n      List-Detail Layout\n      Left sidebar lists prompt types + versions (tree view). Selecting a version opens it in a main content area with editor, status actions, and inline metrics below","choice":"layout-c","id":null,"timestamp":1774297632494}
{"source":"user-event","type":"click","text":"C\n    \n      List-Detail Layout\n      Left sidebar lists prompt types + versions (tree view). Selecting a version opens it in a main content area with editor, status actions, and inline metrics below","choice":"layout-c","id":null,"timestamp":1774297632973}
{"source":"user-event","type":"click","text":"C\n    \n      List-Detail Layout\n      Left sidebar lists prompt types + versions (tree view). Selecting a version opens it in a main content area with editor, status actions, and inline metrics below","choice":"layout-c","id":null,"timestamp":1774297633165}
{"type":"screen-added","file":"/Users/matan.sheinberg/icom/IcomQaAi/.superpowers/brainstorm/24818-1774295914/prompt-management-layouts.html"}
{"source":"user-event","type":"click","text":"C\n    \n      List-Detail\n      Pro: All prompt types + versions visible in one tree. Inline metrics per version.\n      Con: No side-by-side comparison view. Tree can get long with many versions. Comparison needs a separate interaction (select two versions).","choice":"layout-c","id":null,"timestamp":1774297778918}
{"source":"user-event","type":"click","text":"C\n    \n      List-Detail\n      Pro: All prompt types + versions visible in one tree. Inline metrics per version.\n      Con: No side-by-side comparison view. Tree can get long with many versions. Comparison needs a separate interaction (select two versions).","choice":"layout-c","id":null,"timestamp":1774297779192}
{"source":"user-event","type":"click","text":"C\n    \n      List-Detail\n      Pro: All prompt types + versions visible in one tree. Inline metrics per version.\n      Con: No side-by-side comparison view. Tree can get long with many versions. Comparison needs a separate interaction (select two versions).","choice":"layout-c","id":null,"timestamp":1774297779701}
{"type":"screen-added","file":"/Users/matan.sheinberg/icom/IcomQaAi/.superpowers/brainstorm/24818-1774295914/prompt-management-full-design.html"}
{"type":"screen-added","file":"/Users/matan.sheinberg/icom/IcomQaAi/.superpowers/brainstorm/24818-1774295914/prompt-management-tweaks.html"}
{"type":"screen-added","file":"/Users/matan.sheinberg/icom/IcomQaAi/.superpowers/brainstorm/24818-1774295914/waiting.html"}
{"type":"server-stopped","reason":"idle timeout"}
